 2009-04-26 17:10:44,020 [main] INFO  LogMaker.doSome : response to stream create
 2009-04-26 17:10:45,021 [main] INFO  LogMaker.doSome : destroyImpl
 2009-04-26 17:10:45,021 [main] INFO  LogMaker.doSome : destroyImpl
 2009-04-26 17:10:46,023 [main] INFO  LogMaker.doSome : destroyImpl
 2009-04-26 17:10:46,023 [main] INFO  LogMaker.doSome : destroyImpl
 2009-04-26 17:10:47,024 [main] INFO  LogMaker.doSome : response to stream create
 2009-04-26 17:10:47,024 [main] INFO  LogMaker.doSome : destroyImpl
 2009-04-26 17:10:48,026 [main] INFO  LogMaker.doSome : destroyImpl
 2009-04-26 17:10:48,026 [main] INFO  LogMaker.doSome : response to stream create
 2009-04-26 17:10:49,027 [main] INFO  LogMaker.doSome : destroyImpl
 2009-04-26 17:10:49,027 [main] INFO  LogMaker.doSome : destroyImpl
 2009-04-26 17:10:50,028 [main] INFO  LogMaker.doSome : response to stream create
 2009-04-26 17:10:50,028 [main] INFO  LogMaker.doSome : response to stream create
 2009-04-26 17:10:51,030 [main] INFO  LogMaker.doSome : destroyImpl
 2009-04-26 17:10:51,030 [main] INFO  LogMaker.doSome : response to stream create
 2009-04-26 17:10:52,031 [main] INFO  LogMaker.doSome : destroyImpl
 2009-04-26 17:10:52,031 [main] INFO  LogMaker.doSome : destroyImpl
 2009-04-26 17:10:53,033 [main] INFO  LogMaker.doSome : destroyImpl
 2009-04-26 17:10:53,033 [main] INFO  LogMaker.doSome : response to stream create
 2009-04-26 17:10:53,043 [main] INFO  LogMaker.doSome : response to stream create
 2009-04-26 17:10:53,043 [main] INFO  LogMaker.doSome : response to stream create
 2009-04-26 17:10:54,044 [main] INFO  LogMaker.doSome : destroyImpl
 2009-04-26 17:10:54,044 [main] INFO  LogMaker.doSome : response to stream create
 2009-04-26 17:10:54,044 [main] INFO  LogMaker.doSome : response to stream create
 2009-04-26 17:10:54,044 [main] INFO  LogMaker.doSome : destroyImpl
 2009-04-26 17:10:55,046 [main] INFO  LogMaker.doSome : destroyImpl
 2009-04-26 17:10:55,046 [main] INFO  LogMaker.doSome : response to stream create
 2009-04-26 17:10:55,046 [main] INFO  LogMaker.doSome : response to stream create
 2009-04-26 17:10:55,046 [main] INFO  LogMaker.doSome : destroyImpl
 2009-04-26 17:10:56,047 [main] INFO  LogMaker.doSome : destroyImpl
 2009-04-26 17:10:56,047 [main] INFO  LogMaker.doSome : response to stream create
 2009-04-26 17:10:56,047 [main] INFO  LogMaker.doSome : response to stream create
 2009-04-26 17:10:56,047 [main] INFO  LogMaker.doSome : response to stream create
 2009-04-26 17:10:57,049 [main] INFO  LogMaker.doSome : destroyImpl
 2009-04-26 17:10:57,049 [main] INFO  LogMaker.doSome : response to stream create
 2009-04-26 17:10:57,049 [main] INFO  LogMaker.doSome : destroyImpl
 2009-04-26 17:10:57,049 [main] INFO  LogMaker.doSome : destroyImpl
 2009-04-26 17:10:58,050 [main] INFO  LogMaker.doSome : destroyImpl
 2009-04-26 17:10:58,050 [main] INFO  LogMaker.doSome : destroyImpl
 2009-04-26 17:10:58,050 [main] INFO  LogMaker.doSome : destroyImpl
 2009-04-26 17:10:58,050 [main] INFO  LogMaker.doSome : destroyImpl
 2009-04-26 17:10:59,051 [main] INFO  LogMaker.doSome : destroyImpl
 2009-04-26 17:10:59,051 [main] INFO  LogMaker.doSome : response to stream create
 2009-04-26 17:10:59,051 [main] INFO  LogMaker.doSome : destroyImpl
 2009-04-26 17:10:59,051 [main] INFO  LogMaker.doSome : destroyImpl
 2009-04-26 17:11:00,053 [main] INFO  LogMaker.doSome : destroyImpl
 2009-04-26 17:11:00,053 [main] INFO  LogMaker.doSome : destroyImpl
 2009-04-26 17:11:00,053 [main] INFO  LogMaker.doSome : response to stream create
 2009-04-26 17:11:00,053 [main] INFO  LogMaker.doSome : destroyImpl
 2009-04-26 17:11:01,054 [main] INFO  LogMaker.doSome : destroyImpl
 2009-04-26 17:11:01,054 [main] INFO  LogMaker.doSome : response to stream create
 2009-04-26 17:11:01,054 [main] INFO  LogMaker.doSome : destroyImpl
 2009-04-26 17:11:01,054 [main] INFO  LogMaker.doSome : response to stream create
 2009-04-26 17:11:02,056 [main] INFO  LogMaker.doSome : response to stream create
 2009-04-26 17:11:02,056 [main] INFO  LogMaker.doSome : destroyImpl
 2009-04-26 17:11:02,056 [main] INFO  LogMaker.doSome : destroyImpl
 2009-04-26 17:11:02,056 [main] INFO  LogMaker.doSome : destroyImpl
 2009-04-26 17:11:03,057 [main] INFO  LogMaker.doSome : destroyImpl
 2009-04-26 17:11:03,057 [main] INFO  LogMaker.doSome : destroyImpl
 2009-04-26 17:11:03,057 [main] INFO  LogMaker.doSome : destroyImpl
 2009-04-26 17:11:03,057 [main] INFO  LogMaker.doSome : response to stream create
 2009-04-26 17:11:03,057 [main] INFO  LogMaker.doSome : destroyImpl
 2009-04-26 17:11:03,057 [main] INFO  LogMaker.doSome : response to stream create
 2009-04-26 17:11:04,059 [main] INFO  LogMaker.doSome : destroyImpl
 2009-04-26 17:11:04,059 [main] INFO  LogMaker.doSome : destroyImpl
 2009-04-26 17:11:04,059 [main] INFO  LogMaker.doSome : response to stream create
 2009-04-26 17:11:04,059 [main] INFO  LogMaker.doSome : response to stream create
 2009-04-26 17:11:04,059 [main] INFO  LogMaker.doSome : response to stream create
 2009-04-26 17:11:04,059 [main] INFO  LogMaker.doSome : destroyImpl
 2009-04-26 17:11:05,060 [main] INFO  LogMaker.doSome : destroyImpl
 2009-04-26 17:11:05,060 [main] INFO  LogMaker.doSome : response to stream create
 2009-04-26 17:11:05,060 [main] INFO  LogMaker.doSome : response to stream create
 2009-04-26 17:11:05,060 [main] INFO  LogMaker.doSome : response to stream create
 2009-04-26 17:11:05,060 [main] INFO  LogMaker.doSome : destroyImpl
 2009-04-26 17:11:05,060 [main] INFO  LogMaker.doSome : destroyImpl
 2009-04-26 17:11:06,062 [main] INFO  LogMaker.doSome : response to stream create
 2009-04-26 17:11:06,062 [main] INFO  LogMaker.doSome : response to stream create
 2009-04-26 17:11:06,062 [main] INFO  LogMaker.doSome : destroyImpl
 2009-04-26 17:11:06,062 [main] INFO  LogMaker.doSome : destroyImpl
 2009-04-26 17:11:06,062 [main] INFO  LogMaker.doSome : destroyImpl
 2009-04-26 17:11:06,062 [main] INFO  LogMaker.doSome : destroyImpl
 2009-04-26 17:11:07,063 [main] INFO  LogMaker.doSome : destroyImpl
 2009-04-26 17:11:07,063 [main] INFO  LogMaker.doSome : destroyImpl
 2009-04-26 17:11:07,063 [main] INFO  LogMaker.doSome : response to stream create
 2009-04-26 17:11:07,063 [main] INFO  LogMaker.doSome : response to stream create
 2009-04-26 17:11:07,063 [main] INFO  LogMaker.doSome : response to stream create
 2009-04-26 17:11:07,063 [main] INFO  LogMaker.doSome : response to stream create
 2009-04-26 17:11:08,064 [main] INFO  LogMaker.doSome : response to stream create
 2009-04-26 17:11:08,064 [main] INFO  LogMaker.doSome : response to stream create
 2009-04-26 17:11:08,064 [main] INFO  LogMaker.doSome : response to stream create
 2009-04-26 17:11:08,064 [main] INFO  LogMaker.doSome : response to stream create
 2009-04-26 17:11:08,064 [main] INFO  LogMaker.doSome : destroyImpl
 2009-04-26 17:11:08,064 [main] INFO  LogMaker.doSome : response to stream create
 2009-04-26 17:11:08,064 [main] INFO  LogMaker.doSome : response to stream create
 2009-04-26 17:11:08,064 [main] INFO  LogMaker.doSome : response to stream create
 2009-04-26 17:11:09,066 [main] INFO  LogMaker.doSome : response to stream create
 2009-04-26 17:11:09,066 [main] INFO  LogMaker.doSome : response to stream create
 2009-04-26 17:11:09,066 [main] INFO  LogMaker.doSome : response to stream create
 2009-04-26 17:11:09,066 [main] INFO  LogMaker.doSome : destroyImpl
 2009-04-26 17:11:09,066 [main] INFO  LogMaker.doSome : destroyImpl
 2009-04-26 17:11:09,066 [main] INFO  LogMaker.doSome : destroyImpl
 2009-04-26 17:11:09,066 [main] INFO  LogMaker.doSome : destroyImpl
 2009-04-26 17:11:09,066 [main] INFO  LogMaker.doSome : response to stream create
 2009-04-26 17:11:10,067 [main] INFO  LogMaker.doSome : response to stream create
 2009-04-26 17:11:10,067 [main] INFO  LogMaker.doSome : destroyImpl
 2009-04-26 17:11:10,067 [main] INFO  LogMaker.doSome : destroyImpl
 2009-04-26 17:11:10,077 [main] INFO  LogMaker.doSome : response to stream create
 2009-04-26 17:11:10,077 [main] INFO  LogMaker.doSome : destroyImpl
 2009-04-26 17:11:10,077 [main] INFO  LogMaker.doSome : destroyImpl
 2009-04-26 17:11:10,077 [main] INFO  LogMaker.doSome : destroyImpl
 2009-04-26 17:11:10,077 [main] INFO  LogMaker.doSome : destroyImpl
 2009-04-26 17:11:11,079 [main] INFO  LogMaker.doSome : destroyImpl
 2009-04-26 17:11:11,079 [main] INFO  LogMaker.doSome : response to stream create
 2009-04-26 17:11:11,079 [main] INFO  LogMaker.doSome : response to stream create
 2009-04-26 17:11:11,079 [main] INFO  LogMaker.doSome : destroyImpl
 2009-04-26 17:11:11,079 [main] INFO  LogMaker.doSome : response to stream create
 2009-04-26 17:11:11,099 [main] INFO  LogMaker.doSome : response to stream create
 2009-04-26 17:11:11,099 [main] INFO  LogMaker.doSome : destroyImpl
 2009-04-26 17:11:11,099 [main] INFO  LogMaker.doSome : destroyImpl
 2009-04-26 17:11:12,100 [main] INFO  LogMaker.doSome : response to stream create
 2009-04-26 17:11:12,100 [main] INFO  LogMaker.doSome : response to stream create
 2009-04-26 17:11:12,100 [main] INFO  LogMaker.doSome : destroyImpl
 2009-04-26 17:11:12,100 [main] INFO  LogMaker.doSome : response to stream create
 2009-04-26 17:11:12,100 [main] INFO  LogMaker.doSome : destroyImpl
 2009-04-26 17:11:12,100 [main] INFO  LogMaker.doSome : response to stream create
 2009-04-26 17:11:12,100 [main] INFO  LogMaker.doSome : destroyImpl
 2009-04-26 17:11:12,100 [main] INFO  LogMaker.doSome : response to stream create
 2009-04-26 17:11:13,102 [main] INFO  LogMaker.doSome : destroyImpl
 2009-04-26 17:11:13,102 [main] INFO  LogMaker.doSome : destroyImpl
 2009-04-26 17:11:13,102 [main] INFO  LogMaker.doSome : response to stream create
 2009-04-26 17:11:13,102 [main] INFO  LogMaker.doSome : response to stream create
 2009-04-26 17:11:13,102 [main] INFO  LogMaker.doSome : destroyImpl
 2009-04-26 17:11:13,102 [main] INFO  LogMaker.doSome : destroyImpl
 2009-04-26 17:11:13,102 [main] INFO  LogMaker.doSome : destroyImpl
 2009-04-26 17:11:13,102 [main] INFO  LogMaker.doSome : response to stream create
 2009-04-26 17:11:13,102 [main] INFO  LogMaker.doSome : response to stream create
 2009-04-26 17:11:13,102 [main] INFO  LogMaker.doSome : destroyImpl
 2009-04-26 17:11:14,103 [main] INFO  LogMaker.doSome : response to stream create
 2009-04-26 17:11:14,103 [main] INFO  LogMaker.doSome : response to stream create
 2009-04-26 17:11:14,103 [main] INFO  LogMaker.doSome : destroyImpl
 2009-04-26 17:11:14,103 [main] INFO  LogMaker.doSome : destroyImpl
 2009-04-26 17:11:14,103 [main] INFO  LogMaker.doSome : MasterAgentTrap
 2009-04-26 17:11:14,103 [main] INFO  LogMaker.doSome : destroyImpl
 2009-04-26 17:11:14,103 [main] INFO  LogMaker.doSome : response to stream create
 2009-04-26 17:11:14,103 [main] INFO  LogMaker.doSome : destroyImpl
 2009-04-26 17:11:14,103 [main] INFO  LogMaker.doSome : response to stream create
 2009-04-26 17:11:14,103 [main] INFO  LogMaker.doSome : response to stream create
 2009-04-26 17:11:15,105 [main] INFO  LogMaker.doSome : response to stream create
 2009-04-26 17:11:15,105 [main] INFO  LogMaker.doSome : MasterAgentTrap
 2009-04-26 17:11:15,105 [main] INFO  LogMaker.doSome : MasterAgentTrap
 2009-04-26 17:11:15,105 [main] INFO  LogMaker.doSome : destroyImpl
 2009-04-26 17:11:15,105 [main] INFO  LogMaker.doSome : MasterAgentTrap
 2009-04-26 17:11:15,105 [main] INFO  LogMaker.doSome : response to stream create
 2009-04-26 17:11:15,105 [main] INFO  LogMaker.doSome : destroyImpl
 2009-04-26 17:11:15,105 [main] INFO  LogMaker.doSome : response to stream create
 2009-04-26 17:11:15,105 [main] INFO  LogMaker.doSome : response to stream create
 2009-04-26 17:11:15,105 [main] INFO  LogMaker.doSome : destroyImpl
 2009-04-26 17:11:16,106 [main] INFO  LogMaker.doSome : destroyImpl
 2009-04-26 17:11:16,106 [main] INFO  LogMaker.doSome : destroyImpl
 2009-04-26 17:11:16,106 [main] INFO  LogMaker.doSome : response to stream create
 2009-04-26 17:11:16,106 [main] INFO  LogMaker.doSome : response to stream create
 2009-04-26 17:11:16,106 [main] INFO  LogMaker.doSome : response to stream create
 2009-04-26 17:11:16,106 [main] INFO  LogMaker.doSome : MasterAgentTrap
 2009-04-26 17:11:16,106 [main] INFO  LogMaker.doSome : response to stream create
 2009-04-26 17:11:16,106 [main] INFO  LogMaker.doSome : response to stream create
 2009-04-26 17:11:16,106 [main] INFO  LogMaker.doSome : destroyImpl
 2009-04-26 17:11:16,106 [main] INFO  LogMaker.doSome : destroyImpl
 2009-04-26 17:11:17,107 [main] INFO  LogMaker.doSome : MasterAgentTrap
 2009-04-26 17:11:17,107 [main] INFO  LogMaker.doSome : response to stream create
 2009-04-26 17:11:17,107 [main] INFO  LogMaker.doSome : destroyImpl
 2009-04-26 17:11:17,107 [main] INFO  LogMaker.doSome : response to stream create
 2009-04-26 17:11:17,107 [main] INFO  LogMaker.doSome : destroyImpl
 2009-04-26 17:11:17,107 [main] INFO  LogMaker.doSome : destroyImpl
 2009-04-26 17:11:17,107 [main] INFO  LogMaker.doSome : response to stream create
 2009-04-26 17:11:17,107 [main] INFO  LogMaker.doSome : destroyImpl
 2009-04-26 17:11:17,107 [main] INFO  LogMaker.doSome : destroyImpl
 2009-04-26 17:11:17,107 [main] INFO  LogMaker.doSome : destroyImpl
 2009-04-26 17:11:18,109 [main] INFO  LogMaker.doSome : destroyImpl
 2009-04-26 17:11:18,109 [main] INFO  LogMaker.doSome : destroyImpl
 2009-04-26 17:11:18,109 [main] INFO  LogMaker.doSome : destroyImpl
 2009-04-26 17:11:18,109 [main] INFO  LogMaker.doSome : destroyImpl
 2009-04-26 17:11:18,109 [main] INFO  LogMaker.doSome : destroyImpl
 2009-04-26 17:11:18,109 [main] INFO  LogMaker.doSome : response to stream create
 2009-04-26 17:11:18,109 [main] INFO  LogMaker.doSome : response to stream create
 2009-04-26 17:11:18,109 [main] INFO  LogMaker.doSome : destroyImpl
 2009-04-26 17:11:18,109 [main] INFO  LogMaker.doSome : destroyImpl
 2009-04-26 17:11:18,109 [main] INFO  LogMaker.doSome : destroyImpl
 2009-04-26 17:11:19,110 [main] INFO  LogMaker.doSome : destroyImpl
 2009-04-26 17:11:19,110 [main] INFO  LogMaker.doSome : response to stream create
 2009-04-26 17:11:19,110 [main] INFO  LogMaker.doSome : MasterAgentTrap
 2009-04-26 17:11:19,110 [main] INFO  LogMaker.doSome : MasterAgentTrap
 2009-04-26 17:11:19,110 [main] INFO  LogMaker.doSome : destroyImpl
 2009-04-26 17:11:19,110 [main] INFO  LogMaker.doSome : destroyImpl
 2009-04-26 17:11:19,110 [main] INFO  LogMaker.doSome : response to stream create
 2009-04-26 17:11:19,110 [main] INFO  LogMaker.doSome : MasterAgentTrap
 2009-04-26 17:11:19,110 [main] INFO  LogMaker.doSome : destroyImpl
 2009-04-26 17:11:19,110 [main] INFO  LogMaker.doSome : destroyImpl
 2009-04-26 17:11:20,112 [main] INFO  LogMaker.doSome : destroyImpl
 2009-04-26 17:11:20,112 [main] INFO  LogMaker.doSome : MasterAgentTrap
 2009-04-26 17:11:20,112 [main] INFO  LogMaker.doSome : destroyImpl
 2009-04-26 17:11:20,112 [main] INFO  LogMaker.doSome : destroyImpl
 2009-04-26 17:11:20,112 [main] INFO  LogMaker.doSome : destroyImpl
 2009-04-26 17:11:20,112 [main] INFO  LogMaker.doSome : response to stream create
 2009-04-26 17:11:20,112 [main] INFO  LogMaker.doSome : response to stream create
 2009-04-26 17:11:20,112 [main] INFO  LogMaker.doSome : MasterAgentTrap
 2009-04-26 17:11:20,112 [main] INFO  LogMaker.doSome : destroyImpl
 2009-04-26 17:11:20,112 [main] INFO  LogMaker.doSome : destroyImpl
 2009-04-26 17:11:21,113 [main] INFO  LogMaker.doSome : response to stream create
 2009-04-26 17:11:21,113 [main] INFO  LogMaker.doSome : destroyImpl
 2009-04-26 17:11:21,113 [main] INFO  LogMaker.doSome : response to stream create
 2009-04-26 17:11:21,113 [main] INFO  LogMaker.doSome : response to stream create
 2009-04-26 17:11:21,113 [main] INFO  LogMaker.doSome : response to stream create
 2009-04-26 17:11:21,113 [main] INFO  LogMaker.doSome : destroyImpl
 2009-04-26 17:11:21,113 [main] INFO  LogMaker.doSome : destroyImpl
 2009-04-26 17:11:21,113 [main] INFO  LogMaker.doSome : destroyImpl
 2009-04-26 17:11:21,113 [main] INFO  LogMaker.doSome : MasterAgentTrap
 2009-04-26 17:11:21,113 [main] INFO  LogMaker.doSome : destroyImpl
 2009-04-26 17:11:22,115 [main] INFO  LogMaker.doSome : destroyImpl
 2009-04-26 17:11:22,115 [main] INFO  LogMaker.doSome : response to stream create
 2009-04-26 17:11:22,115 [main] INFO  LogMaker.doSome : response to stream create
 2009-04-26 17:11:22,115 [main] INFO  LogMaker.doSome : response to stream create
 2009-04-26 17:11:22,115 [main] INFO  LogMaker.doSome : destroyImpl
 2009-04-26 17:11:22,115 [main] INFO  LogMaker.doSome : response to stream create
 2009-04-26 17:11:22,115 [main] INFO  LogMaker.doSome : response to stream create
 2009-04-26 17:11:22,115 [main] INFO  LogMaker.doSome : response to stream create
 2009-04-26 17:11:22,115 [main] INFO  LogMaker.doSome : MasterAgentTrap
 2009-04-26 17:11:22,115 [main] INFO  LogMaker.doSome : response to stream create
 2009-04-26 17:11:23,116 [main] INFO  LogMaker.doSome : response to stream create
 2009-04-26 17:11:23,116 [main] INFO  LogMaker.doSome : response to stream create
 2009-04-26 17:11:23,116 [main] INFO  LogMaker.doSome : destroyImpl
 2009-04-26 17:11:23,116 [main] INFO  LogMaker.doSome : MasterAgentTrap
 2009-04-26 17:11:23,116 [main] INFO  LogMaker.doSome : response to stream create
 2009-04-26 17:11:23,116 [main] INFO  LogMaker.doSome : destroyImpl
 2009-04-26 17:11:23,116 [main] INFO  LogMaker.doSome : destroyImpl
 2009-04-26 17:11:23,116 [main] INFO  LogMaker.doSome : destroyImpl
 2009-04-26 17:11:23,116 [main] INFO  LogMaker.doSome : response to stream create
 2009-04-26 17:11:23,116 [main] INFO  LogMaker.doSome : response to stream create
 2009-04-26 17:11:24,118 [main] INFO  LogMaker.doSome : MasterAgentTrap
 2009-04-26 17:11:24,118 [main] INFO  LogMaker.doSome : response to stream create
 2009-04-26 17:11:24,118 [main] INFO  LogMaker.doSome : destroyImpl
 2009-04-26 17:11:24,118 [main] INFO  LogMaker.doSome : destroyImpl
 2009-04-26 17:11:24,118 [main] INFO  LogMaker.doSome : response to stream create
 2009-04-26 17:11:24,118 [main] INFO  LogMaker.doSome : destroyImpl
 2009-04-26 17:11:24,118 [main] INFO  LogMaker.doSome : response to stream create
 2009-04-26 17:11:24,118 [main] INFO  LogMaker.doSome : destroyImpl
 2009-04-26 17:11:24,128 [main] INFO  LogMaker.doSome : MasterAgentTrap
 2009-04-26 17:11:24,138 [main] INFO  LogMaker.doSome : destroyImpl
 2009-04-26 17:11:25,139 [main] INFO  LogMaker.doSome : destroyImpl
 2009-04-26 17:11:25,139 [main] INFO  LogMaker.doSome : destroyImpl
 2009-04-26 17:11:25,139 [main] INFO  LogMaker.doSome : MasterAgentTrap
 2009-04-26 17:11:25,139 [main] INFO  LogMaker.doSome : response to stream create
 2009-04-26 17:11:25,139 [main] INFO  LogMaker.doSome : response to stream create
 2009-04-26 17:11:25,139 [main] INFO  LogMaker.doSome : MasterAgentTrap
 2009-04-26 17:11:25,139 [main] INFO  LogMaker.doSome : MasterAgentTrap
 2009-04-26 17:11:25,139 [main] INFO  LogMaker.doSome : response to stream create
 2009-04-26 17:11:25,139 [main] INFO  LogMaker.doSome : response to stream create
 2009-04-26 17:11:25,139 [main] INFO  LogMaker.doSome : response to stream create
 2009-04-26 17:11:26,140 [main] INFO  LogMaker.doSome : response to stream create
 2009-04-26 17:11:26,140 [main] INFO  LogMaker.doSome : destroyImpl
 2009-04-26 17:11:26,140 [main] INFO  LogMaker.doSome : response to stream create
 2009-04-26 17:11:26,140 [main] INFO  LogMaker.doSome : MasterAgentTrap
 2009-04-26 17:11:26,140 [main] INFO  LogMaker.doSome : MasterAgentTrap
 2009-04-26 17:11:26,140 [main] INFO  LogMaker.doSome : response to stream create
 2009-04-26 17:11:26,140 [main] INFO  LogMaker.doSome : destroyImpl
 2009-04-26 17:11:26,140 [main] INFO  LogMaker.doSome : response to stream create
 2009-04-26 17:11:26,140 [main] INFO  LogMaker.doSome : response to stream create
 2009-04-26 17:11:26,140 [main] INFO  LogMaker.doSome : destroyImpl
 2009-04-26 17:11:27,142 [main] INFO  LogMaker.doSome : response to stream create
 2009-04-26 17:11:27,142 [main] INFO  LogMaker.doSome : response to stream create
 2009-04-26 17:11:27,142 [main] INFO  LogMaker.doSome : MasterAgentTrap
 2009-04-26 17:11:27,142 [main] INFO  LogMaker.doSome : destroyImpl
 2009-04-26 17:11:27,142 [main] INFO  LogMaker.doSome : response to stream create
 2009-04-26 17:11:27,142 [main] INFO  LogMaker.doSome : response to stream create
 2009-04-26 17:11:27,142 [main] INFO  LogMaker.doSome : MasterAgentTrap
 2009-04-26 17:11:27,142 [main] INFO  LogMaker.doSome : MasterAgentTrap
 2009-04-26 17:11:27,142 [main] INFO  LogMaker.doSome : destroyImpl
 2009-04-26 17:11:27,142 [main] INFO  LogMaker.doSome : response to stream create
 2009-04-26 17:11:28,143 [main] INFO  LogMaker.doSome : response to stream create
 2009-04-26 17:11:28,143 [main] INFO  LogMaker.doSome : response to stream create
 2009-04-26 17:11:28,143 [main] INFO  LogMaker.doSome : response to stream create
 2009-04-26 17:11:28,143 [main] INFO  LogMaker.doSome : response to stream create
 2009-04-26 17:11:28,143 [main] INFO  LogMaker.doSome : response to stream create
 2009-04-26 17:11:28,143 [main] INFO  LogMaker.doSome : response to stream create
 2009-04-26 17:11:28,143 [main] INFO  LogMaker.doSome : response to stream create
 2009-04-26 17:11:28,143 [main] INFO  LogMaker.doSome : destroyImpl
 2009-04-26 17:11:28,143 [main] INFO  LogMaker.doSome : response to stream create
 2009-04-26 17:11:28,143 [main] INFO  LogMaker.doSome : response to stream create
 2009-04-26 17:11:29,145 [main] INFO  LogMaker.doSome : response to stream create
 2009-04-26 17:11:29,145 [main] INFO  LogMaker.doSome : destroyImpl
 2009-04-26 17:11:29,145 [main] INFO  LogMaker.doSome : destroyImpl
 2009-04-26 17:11:29,145 [main] INFO  LogMaker.doSome : response to stream create
 2009-04-26 17:11:29,145 [main] INFO  LogMaker.doSome : MasterAgentTrap
 2009-04-26 17:11:29,145 [main] INFO  LogMaker.doSome : MasterAgentTrap
 2009-04-26 17:11:29,145 [main] INFO  LogMaker.doSome : MasterAgentTrap
 2009-04-26 17:11:29,145 [main] INFO  LogMaker.doSome : response to stream create
 2009-04-26 17:11:29,145 [main] INFO  LogMaker.doSome : destroyImpl
 2009-04-26 17:11:29,145 [main] INFO  LogMaker.doSome : MasterAgentTrap
 2009-04-26 17:11:30,146 [main] INFO  LogMaker.doSome : destroyImpl
 2009-04-26 17:11:30,146 [main] INFO  LogMaker.doSome : MasterAgentTrap
 2009-04-26 17:11:30,146 [main] INFO  LogMaker.doSome : destroyImpl
 2009-04-26 17:11:30,146 [main] INFO  LogMaker.doSome : response to stream create
 2009-04-26 17:11:30,146 [main] INFO  LogMaker.doSome : destroyImpl
 2009-04-26 17:11:30,146 [main] INFO  LogMaker.doSome : destroyImpl
 2009-04-26 17:11:30,146 [main] INFO  LogMaker.doSome : response to stream create
 2009-04-26 17:11:30,146 [main] INFO  LogMaker.doSome : MasterAgentTrap
 2009-04-26 17:11:30,146 [main] INFO  LogMaker.doSome : destroyImpl
 2009-04-26 17:11:30,146 [main] INFO  LogMaker.doSome : response to stream create
 2009-04-26 17:11:31,148 [main] INFO  LogMaker.doSome : destroyImpl
 2009-04-26 17:11:31,148 [main] INFO  LogMaker.doSome : destroyImpl
 2009-04-26 17:11:31,148 [main] INFO  LogMaker.doSome : destroyImpl
 2009-04-26 17:11:31,148 [main] INFO  LogMaker.doSome : MasterAgentTrap
 2009-04-26 17:11:31,148 [main] INFO  LogMaker.doSome : destroyImpl
 2009-04-26 17:11:31,148 [main] INFO  LogMaker.doSome : MasterAgentTrap
 2009-04-26 17:11:31,148 [main] INFO  LogMaker.doSome : destroyImpl
 2009-04-26 17:11:31,148 [main] INFO  LogMaker.doSome : destroyImpl
 2009-04-26 17:11:31,148 [main] INFO  LogMaker.doSome : MasterAgentTrap
 2009-04-26 17:11:31,148 [main] INFO  LogMaker.doSome : destroyImpl
 2009-04-26 17:11:32,149 [main] INFO  LogMaker.doSome : destroyImpl
 2009-04-26 17:11:32,149 [main] INFO  LogMaker.doSome : MasterAgentTrap
 2009-04-26 17:11:32,149 [main] INFO  LogMaker.doSome : MasterAgentTrap
 2009-04-26 17:11:32,149 [main] INFO  LogMaker.doSome : response to stream create
 2009-04-26 17:11:32,149 [main] INFO  LogMaker.doSome : destroyImpl
 2009-04-26 17:11:32,149 [main] INFO  LogMaker.doSome : MasterAgentTrap
 2009-04-26 17:11:32,149 [main] INFO  LogMaker.doSome : response to stream create
 2009-04-26 17:11:32,149 [main] INFO  LogMaker.doSome : destroyImpl
 2009-04-26 17:11:32,149 [main] INFO  LogMaker.doSome : destroyImpl
 2009-04-26 17:11:32,149 [main] INFO  LogMaker.doSome : response to stream create
 2009-04-26 17:11:33,150 [main] INFO  LogMaker.doSome : response to stream create
 2009-04-26 17:11:33,150 [main] INFO  LogMaker.doSome : MasterAgentTrap
 2009-04-26 17:11:33,150 [main] INFO  LogMaker.doSome : destroyImpl
 2009-04-26 17:11:33,150 [main] INFO  LogMaker.doSome : response to stream create
 2009-04-26 17:11:33,150 [main] INFO  LogMaker.doSome : response to stream create
 2009-04-26 17:11:33,150 [main] INFO  LogMaker.doSome : response to stream create
 2009-04-26 17:11:33,150 [main] INFO  LogMaker.doSome : response to stream create
 2009-04-26 17:11:33,150 [main] INFO  LogMaker.doSome : MasterAgentTrap
 2009-04-26 17:11:33,150 [main] INFO  LogMaker.doSome : ERROR
 2009-04-26 17:11:33,150 [main] INFO  LogMaker.doSome : destroyImpl
 2009-04-26 17:11:34,152 [main] INFO  LogMaker.doSome : destroyImpl
 2009-04-26 17:11:34,152 [main] INFO  LogMaker.doSome : response to stream create
 2009-04-26 17:11:34,152 [main] INFO  LogMaker.doSome : ERROR
 2009-04-26 17:11:34,152 [main] INFO  LogMaker.doSome : ERROR
 2009-04-26 17:11:34,152 [main] INFO  LogMaker.doSome : ERROR
 2009-04-26 17:11:34,152 [main] INFO  LogMaker.doSome : response to stream create
 2009-04-26 17:11:34,152 [main] INFO  LogMaker.doSome : destroyImpl
 2009-04-26 17:11:34,152 [main] INFO  LogMaker.doSome : response to stream create
 2009-04-26 17:11:34,152 [main] INFO  LogMaker.doSome : MasterAgentTrap
 2009-04-26 17:11:34,152 [main] INFO  LogMaker.doSome : ERROR
 2009-04-26 17:11:35,153 [main] INFO  LogMaker.doSome : destroyImpl
 2009-04-26 17:11:35,153 [main] INFO  LogMaker.doSome : destroyImpl
 2009-04-26 17:11:35,153 [main] INFO  LogMaker.doSome : MasterAgentTrap
 2009-04-26 17:11:35,153 [main] INFO  LogMaker.doSome : MasterAgentTrap
 2009-04-26 17:11:35,153 [main] INFO  LogMaker.doSome : MasterAgentTrap
 2009-04-26 17:11:35,153 [main] INFO  LogMaker.doSome : destroyImpl
 2009-04-26 17:11:35,153 [main] INFO  LogMaker.doSome : response to stream create
 2009-04-26 17:11:35,153 [main] INFO  LogMaker.doSome : response to stream create
 2009-04-26 17:11:35,153 [main] INFO  LogMaker.doSome : destroyImpl
 2009-04-26 17:11:35,153 [main] INFO  LogMaker.doSome : ERROR
 2009-04-26 17:11:36,155 [main] INFO  LogMaker.doSome : MasterAgentTrap
 2009-04-26 17:11:36,155 [main] INFO  LogMaker.doSome : response to stream create
 2009-04-26 17:11:36,155 [main] INFO  LogMaker.doSome : ERROR
 2009-04-26 17:11:36,155 [main] INFO  LogMaker.doSome : MasterAgentTrap
 2009-04-26 17:11:36,155 [main] INFO  LogMaker.doSome : MasterAgentTrap
 2009-04-26 17:11:36,155 [main] INFO  LogMaker.doSome : MasterAgentTrap
 2009-04-26 17:11:36,155 [main] INFO  LogMaker.doSome : MasterAgentTrap
 2009-04-26 17:11:36,155 [main] INFO  LogMaker.doSome : ERROR
 2009-04-26 17:11:36,155 [main] INFO  LogMaker.doSome : MasterAgentTrap
 2009-04-26 17:11:36,155 [main] INFO  LogMaker.doSome : response to stream create
 2009-04-26 17:11:37,156 [main] INFO  LogMaker.doSome : response to stream create
 2009-04-26 17:11:37,156 [main] INFO  LogMaker.doSome : response to stream create
 2009-04-26 17:11:37,156 [main] INFO  LogMaker.doSome : destroyImpl
 2009-04-26 17:11:37,156 [main] INFO  LogMaker.doSome : destroyImpl
 2009-04-26 17:11:37,156 [main] INFO  LogMaker.doSome : ERROR
 2009-04-26 17:11:37,156 [main] INFO  LogMaker.doSome : MasterAgentTrap
 2009-04-26 17:11:37,156 [main] INFO  LogMaker.doSome : MasterAgentTrap
 2009-04-26 17:11:37,156 [main] INFO  LogMaker.doSome : MasterAgentTrap
 2009-04-26 17:11:37,156 [main] INFO  LogMaker.doSome : MasterAgentTrap
 2009-04-26 17:11:37,156 [main] INFO  LogMaker.doSome : destroyImpl
 2009-04-26 17:11:38,158 [main] INFO  LogMaker.doSome : response to stream create
 2009-04-26 17:11:38,158 [main] INFO  LogMaker.doSome : MasterAgentTrap
 2009-04-26 17:11:38,158 [main] INFO  LogMaker.doSome : destroyImpl
 2009-04-26 17:11:38,158 [main] INFO  LogMaker.doSome : response to stream create
 2009-04-26 17:11:38,158 [main] INFO  LogMaker.doSome : MasterAgentTrap
 2009-04-26 17:11:38,158 [main] INFO  LogMaker.doSome : ERROR
 2009-04-26 17:11:38,158 [main] INFO  LogMaker.doSome : ERROR
 2009-04-26 17:11:38,158 [main] INFO  LogMaker.doSome : ERROR
 2009-04-26 17:11:38,158 [main] INFO  LogMaker.doSome : ERROR
 2009-04-26 17:11:38,158 [main] INFO  LogMaker.doSome : MasterAgentTrap
 2009-04-26 17:11:39,159 [main] INFO  LogMaker.doSome : destroyImpl
 2009-04-26 17:11:39,159 [main] INFO  LogMaker.doSome : destroyImpl
 2009-04-26 17:11:39,159 [main] INFO  LogMaker.doSome : response to stream create
 2009-04-26 17:11:39,159 [main] INFO  LogMaker.doSome : response to stream create
 2009-04-26 17:11:39,159 [main] INFO  LogMaker.doSome : ERROR
 2009-04-26 17:11:39,159 [main] INFO  LogMaker.doSome : ERROR
 2009-04-26 17:11:39,159 [main] INFO  LogMaker.doSome : response to stream create
 2009-04-26 17:11:39,159 [main] INFO  LogMaker.doSome : MasterAgentTrap
 2009-04-26 17:11:39,159 [main] INFO  LogMaker.doSome : destroyImpl
 2009-04-26 17:11:39,159 [main] INFO  LogMaker.doSome : response to stream create
 2009-04-26 17:11:40,161 [main] INFO  LogMaker.doSome : response to stream create
 2009-04-26 17:11:40,161 [main] INFO  LogMaker.doSome : ERROR
 2009-04-26 17:11:40,161 [main] INFO  LogMaker.doSome : ERROR
 2009-04-26 17:11:40,161 [main] INFO  LogMaker.doSome : response to stream create
 2009-04-26 17:11:40,161 [main] INFO  LogMaker.doSome : response to stream create
 2009-04-26 17:11:40,161 [main] INFO  LogMaker.doSome : destroyImpl
 2009-04-26 17:11:40,161 [main] INFO  LogMaker.doSome : response to stream create
 2009-04-26 17:11:40,161 [main] INFO  LogMaker.doSome : destroyImpl
 2009-04-26 17:11:40,161 [main] INFO  LogMaker.doSome : MasterAgentTrap
 2009-04-26 17:11:40,161 [main] INFO  LogMaker.doSome : destroyImpl
 2009-04-26 17:11:41,162 [main] INFO  LogMaker.doSome : ERROR
 2009-04-26 17:11:41,172 [main] INFO  LogMaker.doSome : ERROR
 2009-04-26 17:11:41,172 [main] INFO  LogMaker.doSome : MasterAgentTrap
 2009-04-26 17:11:41,172 [main] INFO  LogMaker.doSome : MasterAgentTrap
 2009-04-26 17:11:41,182 [main] INFO  LogMaker.doSome : response to stream create
 2009-04-26 17:11:41,182 [main] INFO  LogMaker.doSome : ERROR
 2009-04-26 17:11:41,182 [main] INFO  LogMaker.doSome : response to stream create
 2009-04-26 17:11:41,182 [main] INFO  LogMaker.doSome : ERROR
 2009-04-26 17:11:41,182 [main] INFO  LogMaker.doSome : destroyImpl
 2009-04-26 17:11:41,182 [main] INFO  LogMaker.doSome : ERROR
 2009-04-26 17:11:42,183 [main] INFO  LogMaker.doSome : destroyImpl
 2009-04-26 17:11:42,183 [main] INFO  LogMaker.doSome : MasterAgentTrap
 2009-04-26 17:11:42,183 [main] INFO  LogMaker.doSome : destroyImpl
 2009-04-26 17:11:42,183 [main] INFO  LogMaker.doSome : destroyImpl
 2009-04-26 17:11:42,183 [main] INFO  LogMaker.doSome : ERROR
 2009-04-26 17:11:42,183 [main] INFO  LogMaker.doSome : destroyImpl
 2009-04-26 17:11:42,183 [main] INFO  LogMaker.doSome : ERROR
 2009-04-26 17:11:42,183 [main] INFO  LogMaker.doSome : destroyImpl
 2009-04-26 17:11:42,183 [main] INFO  LogMaker.doSome : response to stream create
 2009-04-26 17:11:42,183 [main] INFO  LogMaker.doSome : response to stream create
 2009-04-26 17:11:43,185 [main] INFO  LogMaker.doSome : destroyImpl
 2009-04-26 17:11:43,185 [main] INFO  LogMaker.doSome : destroyImpl
 2009-04-26 17:11:43,185 [main] INFO  LogMaker.doSome : destroyImpl
 2009-04-26 17:11:43,185 [main] INFO  LogMaker.doSome : destroyImpl
 2009-04-26 17:11:43,185 [main] INFO  LogMaker.doSome : destroyImpl
 2009-04-26 17:11:43,185 [main] INFO  LogMaker.doSome : response to stream create
 2009-04-26 17:11:43,185 [main] INFO  LogMaker.doSome : response to stream create
 2009-04-26 17:11:43,185 [main] INFO  LogMaker.doSome : response to stream create
 2009-04-26 17:11:44,186 [main] INFO  LogMaker.doSome : response to stream create
 2009-04-26 17:11:44,186 [main] INFO  LogMaker.doSome : response to stream create
 2009-04-26 17:11:44,186 [main] INFO  LogMaker.doSome : destroyImpl
 2009-04-26 17:11:44,186 [main] INFO  LogMaker.doSome : response to stream create
 2009-04-26 17:11:44,186 [main] INFO  LogMaker.doSome : destroyImpl
 2009-04-26 17:11:44,186 [main] INFO  LogMaker.doSome : response to stream create
 2009-04-26 17:11:44,186 [main] INFO  LogMaker.doSome : destroyImpl
 2009-04-26 17:11:44,186 [main] INFO  LogMaker.doSome : response to stream create
 2009-04-26 17:11:45,188 [main] INFO  LogMaker.doSome : destroyImpl
 2009-04-26 17:11:45,188 [main] INFO  LogMaker.doSome : response to stream create
 2009-04-26 17:11:45,188 [main] INFO  LogMaker.doSome : response to stream create
 2009-04-26 17:11:45,188 [main] INFO  LogMaker.doSome : destroyImpl
 2009-04-26 17:11:45,188 [main] INFO  LogMaker.doSome : response to stream create
 2009-04-26 17:11:45,188 [main] INFO  LogMaker.doSome : destroyImpl
 2009-04-26 17:11:45,188 [main] INFO  LogMaker.doSome : response to stream create
 2009-04-26 17:11:45,188 [main] INFO  LogMaker.doSome : response to stream create
 2009-04-26 17:11:46,189 [main] INFO  LogMaker.doSome : destroyImpl
 2009-04-26 17:11:46,189 [main] INFO  LogMaker.doSome : response to stream create
 2009-04-26 17:11:46,189 [main] INFO  LogMaker.doSome : destroyImpl
 2009-04-26 17:11:46,189 [main] INFO  LogMaker.doSome : response to stream create
 2009-04-26 17:11:46,189 [main] INFO  LogMaker.doSome : destroyImpl
 2009-04-26 17:11:46,189 [main] INFO  LogMaker.doSome : response to stream create
 2009-04-26 17:11:46,189 [main] INFO  LogMaker.doSome : destroyImpl
 2009-04-26 17:11:46,189 [main] INFO  LogMaker.doSome : response to stream create
 2009-04-26 17:11:47,191 [main] INFO  LogMaker.doSome : response to stream create
 2009-04-26 17:11:47,191 [main] INFO  LogMaker.doSome : response to stream create
 2009-04-26 17:11:47,191 [main] INFO  LogMaker.doSome : destroyImpl
 2009-04-26 17:11:47,191 [main] INFO  LogMaker.doSome : destroyImpl
 2009-04-26 17:11:47,191 [main] INFO  LogMaker.doSome : destroyImpl
 2009-04-26 17:11:47,191 [main] INFO  LogMaker.doSome : destroyImpl
 2009-04-26 17:11:47,191 [main] INFO  LogMaker.doSome : destroyImpl
 2009-04-26 17:11:47,191 [main] INFO  LogMaker.doSome : response to stream create
 2009-04-26 17:11:48,192 [main] INFO  LogMaker.doSome : destroyImpl
 2009-04-26 17:11:48,192 [main] INFO  LogMaker.doSome : destroyImpl
 2009-04-26 17:11:48,192 [main] INFO  LogMaker.doSome : destroyImpl
 2009-04-26 17:11:48,192 [main] INFO  LogMaker.doSome : destroyImpl
 2009-04-26 17:11:48,192 [main] INFO  LogMaker.doSome : response to stream create
 2009-04-26 17:11:48,192 [main] INFO  LogMaker.doSome : destroyImpl
 2009-04-26 17:11:48,192 [main] INFO  LogMaker.doSome : response to stream create
 2009-04-26 17:11:48,192 [main] INFO  LogMaker.doSome : destroyImpl
 2009-04-26 17:11:49,194 [main] INFO  LogMaker.doSome : response to stream create
 2009-04-26 17:11:49,194 [main] INFO  LogMaker.doSome : response to stream create
 2009-04-26 17:11:49,194 [main] INFO  LogMaker.doSome : destroyImpl
 2009-04-26 17:11:49,194 [main] INFO  LogMaker.doSome : response to stream create
 2009-04-26 17:11:49,194 [main] INFO  LogMaker.doSome : response to stream create
 2009-04-26 17:11:49,194 [main] INFO  LogMaker.doSome : response to stream create
 2009-04-26 17:11:49,194 [main] INFO  LogMaker.doSome : response to stream create
 2009-04-26 17:11:49,194 [main] INFO  LogMaker.doSome : response to stream create
 2009-04-26 17:11:50,195 [main] INFO  LogMaker.doSome : response to stream create
 2009-04-26 17:11:50,195 [main] INFO  LogMaker.doSome : response to stream create
 2009-04-26 17:11:50,195 [main] INFO  LogMaker.doSome : destroyImpl
 2009-04-26 17:11:50,195 [main] INFO  LogMaker.doSome : response to stream create
 2009-04-26 17:11:50,195 [main] INFO  LogMaker.doSome : destroyImpl
 2009-04-26 17:11:50,195 [main] INFO  LogMaker.doSome : response to stream create
 2009-04-26 17:11:50,195 [main] INFO  LogMaker.doSome : destroyImpl
 2009-04-26 17:11:50,195 [main] INFO  LogMaker.doSome : destroyImpl
 2009-04-26 17:11:51,196 [main] INFO  LogMaker.doSome : destroyImpl
 2009-04-26 17:11:51,196 [main] INFO  LogMaker.doSome : response to stream create
 2009-04-26 17:11:51,196 [main] INFO  LogMaker.doSome : response to stream create
 2009-04-26 17:11:51,196 [main] INFO  LogMaker.doSome : response to stream create
 2009-04-26 17:11:51,196 [main] INFO  LogMaker.doSome : destroyImpl
 2009-04-26 17:11:51,196 [main] INFO  LogMaker.doSome : destroyImpl
 2009-04-26 17:11:51,196 [main] INFO  LogMaker.doSome : response to stream create
 2009-04-26 17:11:51,196 [main] INFO  LogMaker.doSome : response to stream create
 2009-04-26 17:11:52,198 [main] INFO  LogMaker.doSome : response to stream create
 2009-04-26 17:11:52,198 [main] INFO  LogMaker.doSome : response to stream create
 2009-04-26 17:11:52,198 [main] INFO  LogMaker.doSome : destroyImpl
 2009-04-26 17:11:52,198 [main] INFO  LogMaker.doSome : response to stream create
 2009-04-26 17:11:52,198 [main] INFO  LogMaker.doSome : destroyImpl
 2009-04-26 17:11:52,198 [main] INFO  LogMaker.doSome : response to stream create
 2009-04-26 17:11:52,198 [main] INFO  LogMaker.doSome : response to stream create
 2009-04-26 17:11:52,198 [main] INFO  LogMaker.doSome : destroyImpl
 2009-04-26 17:11:53,199 [main] INFO  LogMaker.doSome : response to stream create
 2009-04-26 17:11:53,199 [main] INFO  LogMaker.doSome : response to stream create
 2009-04-26 17:11:53,199 [main] INFO  LogMaker.doSome : destroyImpl
 2009-04-26 17:11:53,199 [main] INFO  LogMaker.doSome : destroyImpl
 2009-04-26 17:11:53,199 [main] INFO  LogMaker.doSome : response to stream create
 2009-04-26 17:11:53,199 [main] INFO  LogMaker.doSome : destroyImpl
 2009-04-26 17:11:53,199 [main] INFO  LogMaker.doSome : destroyImpl
 2009-04-26 17:11:53,199 [main] INFO  LogMaker.doSome : response to stream create
 2009-04-26 17:11:54,201 [main] INFO  LogMaker.doSome : destroyImpl
 2009-04-26 17:11:54,201 [main] INFO  LogMaker.doSome : destroyImpl
 2009-04-26 17:11:54,201 [main] INFO  LogMaker.doSome : destroyImpl
 2009-04-26 17:11:54,201 [main] INFO  LogMaker.doSome : destroyImpl
 2009-04-26 17:11:54,201 [main] INFO  LogMaker.doSome : destroyImpl
 2009-04-26 17:11:54,201 [main] INFO  LogMaker.doSome : response to stream create
 2009-04-26 17:11:54,201 [main] INFO  LogMaker.doSome : response to stream create
 2009-04-26 17:11:54,201 [main] INFO  LogMaker.doSome : response to stream create
 2009-04-26 17:11:55,202 [main] INFO  LogMaker.doSome : response to stream create
 2009-04-26 17:11:55,202 [main] INFO  LogMaker.doSome : destroyImpl
 2009-04-26 17:11:55,202 [main] INFO  LogMaker.doSome : response to stream create
 2009-04-26 17:11:55,202 [main] INFO  LogMaker.doSome : response to stream create
 2009-04-26 17:11:55,202 [main] INFO  LogMaker.doSome : response to stream create
 2009-04-26 17:11:55,202 [main] INFO  LogMaker.doSome : response to stream create
 2009-04-26 17:11:55,202 [main] INFO  LogMaker.doSome : response to stream create
 2009-04-26 17:11:55,202 [main] INFO  LogMaker.doSome : destroyImpl
 2009-04-26 17:11:56,204 [main] INFO  LogMaker.doSome : response to stream create
 2009-04-26 17:11:56,204 [main] INFO  LogMaker.doSome : response to stream create
 2009-04-26 17:11:56,204 [main] INFO  LogMaker.doSome : response to stream create
 2009-04-26 17:11:56,204 [main] INFO  LogMaker.doSome : response to stream create
 2009-04-26 17:11:56,204 [main] INFO  LogMaker.doSome : destroyImpl
 2009-04-26 17:11:56,204 [main] INFO  LogMaker.doSome : destroyImpl
 2009-04-26 17:11:56,204 [main] INFO  LogMaker.doSome : destroyImpl
 2009-04-26 17:11:56,204 [main] INFO  LogMaker.doSome : destroyImpl
 2009-04-26 17:11:57,205 [main] INFO  LogMaker.doSome : destroyImpl
 2009-04-26 17:11:57,205 [main] INFO  LogMaker.doSome : response to stream create
 2009-04-26 17:11:57,205 [main] INFO  LogMaker.doSome : destroyImpl
 2009-04-26 17:11:57,205 [main] INFO  LogMaker.doSome : destroyImpl
 2009-04-26 17:11:57,205 [main] INFO  LogMaker.doSome : destroyImpl
 2009-04-26 17:11:57,205 [main] INFO  LogMaker.doSome : destroyImpl
 2009-04-26 17:11:57,205 [main] INFO  LogMaker.doSome : response to stream create
 2009-04-26 17:11:57,205 [main] INFO  LogMaker.doSome : response to stream create
 2009-04-26 17:11:58,207 [main] INFO  LogMaker.doSome : response to stream create
 2009-04-26 17:11:58,207 [main] INFO  LogMaker.doSome : response to stream create
 2009-04-26 17:11:58,207 [main] INFO  LogMaker.doSome : destroyImpl
 2009-04-26 17:11:58,207 [main] INFO  LogMaker.doSome : destroyImpl
 2009-04-26 17:11:58,207 [main] INFO  LogMaker.doSome : response to stream create
 2009-04-26 17:11:58,207 [main] INFO  LogMaker.doSome : response to stream create
 2009-04-26 17:11:58,207 [main] INFO  LogMaker.doSome : response to stream create
 2009-04-26 17:11:58,207 [main] INFO  LogMaker.doSome : response to stream create
 2009-04-26 17:11:59,208 [main] INFO  LogMaker.doSome : destroyImpl
 2009-04-26 17:11:59,208 [main] INFO  LogMaker.doSome : destroyImpl
 2009-04-26 17:11:59,208 [main] INFO  LogMaker.doSome : destroyImpl
 2009-04-26 17:11:59,208 [main] INFO  LogMaker.doSome : destroyImpl
 2009-04-26 17:11:59,208 [main] INFO  LogMaker.doSome : destroyImpl
 2009-04-26 17:11:59,208 [main] INFO  LogMaker.doSome : destroyImpl
 2009-04-26 17:11:59,208 [main] INFO  LogMaker.doSome : destroyImpl
 2009-04-26 17:11:59,208 [main] INFO  LogMaker.doSome : response to stream create
 2009-04-26 17:12:00,209 [main] INFO  LogMaker.doSome : destroyImpl
 2009-04-26 17:12:00,209 [main] INFO  LogMaker.doSome : response to stream create
 2009-04-26 17:12:00,209 [main] INFO  LogMaker.doSome : destroyImpl
 2009-04-26 17:12:00,209 [main] INFO  LogMaker.doSome : destroyImpl
 2009-04-26 17:12:00,209 [main] INFO  LogMaker.doSome : destroyImpl
 2009-04-26 17:12:00,209 [main] INFO  LogMaker.doSome : response to stream create
 2009-04-26 17:12:00,209 [main] INFO  LogMaker.doSome : response to stream create
 2009-04-26 17:12:00,209 [main] INFO  LogMaker.doSome : destroyImpl
 2009-04-26 17:12:01,211 [main] INFO  LogMaker.doSome : destroyImpl
 2009-04-26 17:12:01,211 [main] INFO  LogMaker.doSome : destroyImpl
 2009-04-26 17:12:01,211 [main] INFO  LogMaker.doSome : destroyImpl
 2009-04-26 17:12:01,211 [main] INFO  LogMaker.doSome : response to stream create
 2009-04-26 17:12:01,211 [main] INFO  LogMaker.doSome : destroyImpl
 2009-04-26 17:12:01,211 [main] INFO  LogMaker.doSome : destroyImpl
 2009-04-26 17:12:01,211 [main] INFO  LogMaker.doSome : response to stream create
 2009-04-26 17:12:01,211 [main] INFO  LogMaker.doSome : response to stream create
 2009-04-26 17:12:02,212 [main] INFO  LogMaker.doSome : response to stream create
 2009-04-26 17:12:02,212 [main] INFO  LogMaker.doSome : response to stream create
 2009-04-26 17:12:02,212 [main] INFO  LogMaker.doSome : response to stream create
 2009-04-26 17:12:02,212 [main] INFO  LogMaker.doSome : response to stream create
 2009-04-26 17:12:02,212 [main] INFO  LogMaker.doSome : response to stream create
 2009-04-26 17:12:02,212 [main] INFO  LogMaker.doSome : destroyImpl
 2009-04-26 17:12:02,212 [main] INFO  LogMaker.doSome : destroyImpl
 2009-04-26 17:12:02,212 [main] INFO  LogMaker.doSome : response to stream create
 2009-04-26 17:12:03,214 [main] INFO  LogMaker.doSome : response to stream create
 2009-04-26 17:12:03,214 [main] INFO  LogMaker.doSome : response to stream create
 2009-04-26 17:12:03,214 [main] INFO  LogMaker.doSome : response to stream create
 2009-04-26 17:12:03,214 [main] INFO  LogMaker.doSome : response to stream create
 2009-04-26 17:12:03,214 [main] INFO  LogMaker.doSome : response to stream create
 2009-04-26 17:12:03,214 [main] INFO  LogMaker.doSome : response to stream create
 2009-04-26 17:12:03,214 [main] INFO  LogMaker.doSome : destroyImpl
 2009-04-26 17:12:03,214 [main] INFO  LogMaker.doSome : destroyImpl
 2009-04-26 17:12:04,215 [main] INFO  LogMaker.doSome : response to stream create
 2009-04-26 17:12:04,215 [main] INFO  LogMaker.doSome : response to stream create
 2009-04-26 17:12:04,215 [main] INFO  LogMaker.doSome : response to stream create
 2009-04-26 17:12:04,215 [main] INFO  LogMaker.doSome : destroyImpl
 2009-04-26 17:12:04,215 [main] INFO  LogMaker.doSome : destroyImpl
 2009-04-26 17:12:04,215 [main] INFO  LogMaker.doSome : response to stream create
 2009-04-26 17:12:04,215 [main] INFO  LogMaker.doSome : destroyImpl
 2009-04-26 17:12:04,215 [main] INFO  LogMaker.doSome : response to stream create
 2009-04-26 17:12:05,217 [main] INFO  LogMaker.doSome : response to stream create
 2009-04-26 17:12:05,217 [main] INFO  LogMaker.doSome : response to stream create
 2009-04-26 17:12:05,217 [main] INFO  LogMaker.doSome : destroyImpl
 2009-04-26 17:12:05,217 [main] INFO  LogMaker.doSome : response to stream create
 2009-04-26 17:12:05,217 [main] INFO  LogMaker.doSome : response to stream create
 2009-04-26 17:12:05,217 [main] INFO  LogMaker.doSome : destroyImpl
 2009-04-26 17:12:05,217 [main] INFO  LogMaker.doSome : destroyImpl
 2009-04-26 17:12:05,217 [main] INFO  LogMaker.doSome : response to stream create 